Generating new Snapshot.txt file...
Enter amounts to be stored on the given addresses.
Amounts can be given as numbers, or with suffixes Ki Mi Gi Ti Pi.
Hit Return without entering an amount to switch to another seed.
Hit return for the first address of a seed assign the remaining IOTA
and finish the process.

Remaining IOTA: 2779530283277761

Seed: WWYSTSQRSAYCUILNQFGEFRFNAQQIIFHVPPTSNXZMONDYTVRFUZ9OD9UCXGGVPDDCPLRIDRLYRIJUQ9LSZ
  LKSEJX9STKYJQQWKZUWDF9MZGGLWIKVU9FYJKMIVZJMSOSZBKC9WOLNHCYMNPXBVHTLGRFFXXZWDCIJLACRMCBXXSA: 1000000000
  9XVPLCAZZZ9I9SUPGHQMSGTDSSXQHONNAHSWEMAQCPJZKTKPXSXOKXTYGPJGZTKJEAVXFCCYOXLNKCPSCATFHUFKCA: 

Seed: JTQNYRJARRCYBTYVQNHWNCBENPMBAIDOEXRNAPNAEYTSEBWRVBYFU9ZYQRSEKVTPMON9LCZLWANMDKUHQ
  JOPAIKWRJBVCRRBNKTXSQUPRZELWRPEVKSQNUPZSFYHEECKUAAZZQJV9LLNRXPLURZCDCNVWWVCWLZNGDYUQETDXMC: 1000000000
  AUZHAXKQYZ9QKYBWXZQBXZFHVTZXOTQHKSAXNSGPFXXNBJLAOLYFEFYWTVEYOLJQDTWGTKATGPWU9FXIAISAIUJGJX: 

Seed: GDOUAXMXSHNACPPSXAFZ9CCCGBAPZUFNNLZITFJUXBUDIGVFOUJKA9HFK9PRACFURYNDBCLEXENTQBNNR
  9EAIELTWVKCJMMQJXTAIXNQPMUTQOQQMJZYSGDULATUERKEQVNJKVCWTGFGLWJXWCLXGMCLIM9FCJQKVWCUGSZPKLC: 1000000000
  YWCVUQMLKRTKROAJZRZTGE9CRTVOKBWYDSLJVEMCJNJEXOFHI99LRFFHLTCWUJUOUVEOKBNUYFRBFDGKDQOJKTXYGC: 

Seed: RSBYRUSBFLPYAKNOZKF9OIMJLJDHZWRWCRVQVGTTO9IWIMXFNEJOKDTPZFNGVUQSHCR9CFNPIK9PRYGPK
  NERPDWGGVOLUTH9BORDWSBARKFXQN9EBAKQGJGYDJEGZDBSQ9HQRZPQPXNYMGARIWZBRVNNAQGVBGFLFCGOPNVIRVW: 1000000000
  Z9BURMNOLOAGD9BONC9OOAMYVD9NKJVBRLCJOJXQLHNJQXPYPGPQGWNF9VJBDTNAXHAXWTORSXQMHWXGYJNKWDOYSZ: 

Seed: O9JMKTYAHKKZXGPSLCGJEJDV9YPSNJPTCEONOSDQFOPSHTDZLJGNNALOIMBAYKHBBSZCDYPNEETRFBTSN
  BWGZURWWCQUENIVQCWACQSSZNWPJRAWWYNNZSCGHUTVIGHCGGDGGPXUVWLNCGE9YRUVKI9AS9RSSH9DYZIKHWWQLLA: 1000000000
  QOJLELAZESVDDFGAFDYKIJCSFDTWRMKIOUODY9VSIPGJEPKQMVSDYQRAE9EIKQQQOTIPTTINKEQEMOECXQNBTIVAPX: 

Seed: AACNCZRTKZGPUIZJAGNE9XTCDJQVVAQBITNZVYJJKN9DIYFXDSCMMKHZIGBJVZ9DDEQINRSK9UPPJVJ9P
  DNGJKW9QMZDOFPIXEGRBBTQOXJLAOIKTQYBGB9YNBPEGSXFDLSYHYOL9DLBTHEQZGAKEXJMPCVPT9IMMYBXXMFCEHX: 1000000000
  QLAXWICSBZHZDDYNDOOKMGEOMGGEKOIUTJTFAAZFEUJRAXDOXTOSJKJQZYRYKCJVFHIDTMLTOT9RKWGLCFDJDEOM99: 

Seed: B99WZKOGIRIERVQLMKGMBXGAH9MRRBVXYAYFKLAHZPSRSQVSI9YAXAQRYXJHCPKLMDAOKEBPOVZAYTZPG
  CBV9FIGHQGUQIWZAVCNWVZRCIIMRXWVNSBJBBUBDADOHHDSPJCPN9HUVKYDXHNOFSYRUVIYOQVZDWBJTDJRSHWWMUA: 1000000000
  LWSAINTDYROPGZNYVDVEJUVTIKWVPPVUKVQ9ENHRTNDLSVMQESJZZWMBUFUHEHLZJKHJBBZAUZIYLJLQBCKZ9TPISW: 

Seed: MEZIZVLYSJL9CUCEDDSJMQZZ9KPKCHLEKFDNQSWIZVPZYHBMV9JOGNEPKWCEQJVFCOBWAYEY9ACULFGWQ
  9DNVTDPNORQC9SENQWUQNBWCUGCYLCZBJFXLBEGRRRW9JZVPEXSZZIRBUYNRYLV9BVTJVAAMZCQIUAFWBGUZE9MERW: 1000000000
  UDYFXHYDNFNDJBGSXFFYKLRIFXRZJRBEZY9ISWYONVPDWNBNHLFYYQYYJPLHOTJMIVVBZPEWA9ZSP9ZTCMPOCAMARC: 

Seed: HRHHDAPW9WNLOEPQYRZBZQMULUHKPRGOVDSLWJHNFYBNQDKYXIKKNEEKPCMJDHDHHFRTMUUUYVSBFLXKW
  GFERLIYLUCWTKCUEZX9CWVOXIUVFKKMQDPUWPLZWBBWJWJRMYWTAUGVQQBHDLVBBQ9EN9SGXFLOGHU9QBEYSTINBMW: 1000000000
  PELEAJYKLCPFQYLAOFDGGZO9OZFKLGOBTDLPEXHADNLQJB9QPIWVHDKPXJILMSHEFYN9WWERY9PPPQNNZKXIANWROX: 

Seed: EGNFXGWWHFFMCZGAYZIUPOURHEEUIOBAKLYW9JJSJTGBAILRKY9NCWCRPF9KVQOKXOBLUSBCTWZUYVDMV
  EGPVMOSTCUGCWORKOIMPHSVOYALWEWSIZRSHYUSB9OKKRZKTX9CITMLSITFCLYWLIKZBUXVOVBXW9JSYXCIELYFUGB: 1000000000
  HLBQKISKFHFXXDIAJHXTGDGUPQSZRZVQBMGVQYQTBSPICYILUXADXSWYVXNUCHVLC9XNKMNHHAZ9BSEWDDLHP9APMW: 

Seed: EGXQJRPQFNYSVFPTOOWZPGRIAAQYYCQOUYHQVXMQNQ9IQHZUOCLDFYRVDH9CLGGRBTAONTRBN9CJQ9CTL
  FTT9QCPHTUPOUDPAZZWBUBUIPHCBSYWWRS9KHSXUJEYFZHQROQQA9LZWQGA9RRUAC9BW9FWNNJEOZYOCAQUIHWPZEA: 1000000000
  DJBZUUGFJXJ9PZTJYRNRBSTLASIJELJHLGJUMNWMB9DYKDCULATWIEMC9OUVGFSHAB9AOMNA9XAXJSEDYPBLJYPUHC: 

Seed: QCXGYFXRAIFATBOTFQOEBJFZBPRICHZVOORRLHRATN9KSQOEATLLQPERNKORQDGMPXJWTPIPNZIGSXEUN
  KWR9UQRUPYDBECSVOMUQLCUZ9JHSDSCKTNK9AFJCUSPMHVQQMPWFFQZJELBCFDMX9BPQAIHYSMYJQOW9YKNNDUIDFD: 1000000000
  MRNUIBGHCPOTXSO9SYIXYCVGKXTGXKSNXNMFJRPDVRYGSGLUSSDXMEHBTGXGLWIN9EWWNQGHO9NKU9CRBME99MMOCY: 

Seed: OVVNNOSGZYBJAFXADMOKKCMUHLYXDBGOIZTYUDDNKRAWUCUCN9PUYIJEMZSFEXHBPLVKZGCOTBBFDAMQA
  DIJXTBQJPAFOYSFTGOOMQZCNYAQQZAPGK9NAZDGTPXWCGCTVNCQMXI9LQQAOXKEAIOPLBMXREGXSAPLGWIVTJLFBZC: 1000000000
  EFSMJNMVMZ9MFIWDRJZETHADIWEUFZXRCCMXJCDUIIEIAHKIWJFJRUFWSZT9YZDTN9MITEVQOKVUPUDWXDSFEUUULZ: 

Seed: ELHMVUGEP9DNVONYHTNLVAWZNOJTKKFGAWXZZEPRNNFQRZPKTMHGGCLIKRSIIELIWQRGR9NSVUBJOMEAQ
  AFOWEESZOP9QYLOMRGGDZAPHQNFWGLWGTDMEYMTZTUXCVYTAZNQPFRGNVKSWZE9C9DUGFX9FSMABADXIDNJHYUIGL9: 1000000000
  MHDYARAIYHKBPXULMTFWWFOQRHBNSRFZWRTNAAVPBYKOZHTZRWOOJPGIFJWCGNNGVGSFFIOLJYUNRUBPAKGUNKKMJC: 

Seed: BN9PCNCSGDIL9IWVVZQ9FKETVHQPKWWFXHYEKTQERPJXMEMUJRNWFDIHOJWUFUW9SUKNCUJASBGZHTVEL
  SUEXVEXBBLFJRXAPEOJESFCLZLUKOFCXJOIJTNJMGKQ9ZSEXLYWAOFVXHRNDINSJNJWMXUBIKCHNQOHOWVAFOI9BXA: 1000000000
  FROOLNLBGGHCUFUOFKBPVFFXAZVLUROUAEMHWLMXFIZMRUOXMLGOUIRLPBAYNU9DUBWGFJPHOKTO9HWEBNMDPOVFGA: 

Seed: MFFDQRRHSPDFN9VMJNAKAEKTKFZTEMBBQCXME9WYKQCJHZRTTTPAGAUNLL9NQE9NMT9GTYXOUUWCCZCMA
  MPESJWDGFYSTSPLIUTLX9SILMMCERGUSECULSNBS9TYWZGOMNFUQIPXZBTPBFWSVK9GLHPINALNBNYRIDAZCNYZJOZ: 1000000000
  PMGDCZGEHACSIISIVWLLTKXSVURDVGQCYA9YQVKFFCKOU9EYMLPWZOGWUZIG9PWMSLBUXIYUGIOKFNHIZMYJSLYYWY: 

Seed: MJQJTRSDJ9QLKKQRWAPRJLIAWMQYHYGXAWPXPVM9JRODRBZ9MRSAKZEABVEHEXNRDBDHKJEAGZQLKGVEZ
  UBTALBCVDA9RZDTZHOYHUTCQTHVCMR9VFL9IHQGWFZYYOTAO9B9YZBRIPKVVPEDQEHIOGVZFD99ZRNZHDGMIFFYEU9: 1000000000
  VAKQLCFCDIFYKJPUHX9XWCOVHVKQYFEAEXBVNMOXNDTBRQLZWFFPAU9LGZ99WXWJWVABPPJOSKFYPMT9CITRSMGVNW: 

Seed: PIREAMYZGFIAARDMBUJVNSFHSLNG9VOLQIMLV9HVTQTXQGOLSIKIOQUSQUA9PNRUVUZPXLIKFAWOXHDSL
  HJTABZOCLVVXDSMEIMXNPTCCMZGZEHJRWEOGIXEGVBDTDDYLITNFAA99MVAMGRGJHACZ9DDGPZESDCNNCKOUFFJDGX: 1000000000
  ZNHPCYYPWEQVEKDYX9RCXKFRANBTKRYFGKRWODLCHOBYCIRJV9OVJWTDMZBLAMTENTRYQJL9NGW99JIIWPUFRICGMD: 

Seed: OMCIMIRSFTVIIXKRTWZXUVSKUKOIBOVZMDPRHVZKF9GGIKBRXEDRHKXRRU99ZHENPGHOUNAATUOTGQOUM
  FFDF9SHAD9GYMYIXKCWEQFZELWNXWXHYPAMLYFRAKXHUMEELXIYYDYLNVHLNGHTAJIFOZMRYSLSTZUUACSYQKGNUGX: 1000000000
  VNQCJZKNASCMPFJJZRABJW9HCCTRFZQMUIRU9SQUXJRNIRRVQRNSUY9IVYFLPUZJGJWADHZFVDZGQNYRDUFXWEGQQA: 

Seed: QHXTDIWDFQXPCHJSEAZAQV9TZKXPVAJDZDCODAWTHL9VVMYZWUHCPKCQZAUNC9RKKVMQJRNBZLHSA99LN
  ZAZPDRYPMLCTLKNJAZKBGEKDCOFYXEY9DYXPYZZKT9RKWKMFVXFNGEAQIVZTAHGPYDYQ9GAIZEHDZKOLCIKJNFOGSC: 1000000000
  ZXJPEL9BM9ODUMSABQJFQFVMZVQIYXMWX9IIILVEBFJEFOMCI9ZUHHAQ9SXWAPAC9OVAUBBBDIRZRFKDWSHSQAZPSA: 

Seed: NQQQARBMCBIWCELILVNJCESVLETNHY9AXTFENGPQTRAYSLWSJCHK9GBPVHMKLAGCYSIIGBRSBV9BVWEE9
  SYTSGRSDVLUWFYNHSLCKFDOATNQST9PZLJNBZDITLMEYRZO9SIWBLFXMA99IPZRSTCTCRCVUOPNAGTRXDR9EHQAWPX: 
  SYTSGRSDVLUWFYNHSLCKFDOATNQST9PZLJNBZDITLMEYRZO9SIWBLFXMA99IPZRSTCTCRCVUOPNAGTRXDR9EHQAWPX: 2779510283277761

Done.
